<?xml version="1.0" encoding="UTF-8"?>
<!-- Generated by org.testng.reporters.JUnitReportReporter -->
<testsuite skipped="0" hostname="LAPTOP-R9E010QD" name="com.babel.es.RunFunctionalTests" tests="1" failures="0" timestamp="01 Jul 2017 17:42:40 GMT" time="12.891" errors="0">
  <testcase name="feature" time="12.891" classname="com.babel.es.RunFunctionalTests"/>
</testsuite> <!-- com.babel.es.RunFunctionalTests -->
